---------------------------------------------------------------
[ 2020-09-15T16:35:50+08:00 ] 121.204.54.197 POST task.zz0510.top/api/user/login
[运行时间：0.243031s] [吞吐率：4.11req/s] [内存消耗：4,290.04kb] [文件加载：138]
[ info ] [ BEHAVIOR ] Run Closure @app_init [ RunTime:0.000034s ]
[ info ] [ CACHE ] INIT File
[ info ] [ BEHAVIOR ] Run \addons\epay\Epay @app_init [ RunTime:0.006614s ]
[ info ] [ BEHAVIOR ] Run Closure @app_init [ RunTime:0.006634s ]
[ info ] [ LANG ] /www/wwwroot/task/thinkphp/lang/zh-cn.php
[ info ] [ BEHAVIOR ] Run app\common\behavior\Common @app_dispatch [ RunTime:0.001355s ]
[ info ] [ ROUTE ] array (
  'type' => 'module',
  'module' => 
  array (
    0 => 'api',
    1 => 'user',
    2 => 'login',
  ),
)
[ info ] [ HEADER ] array (
  'accept-encoding' => 'gzip',
  'connection' => 'Keep-Alive',
  'host' => 'task.zz0510.top',
  'content-length' => '35',
  'content-type' => 'application/x-www-form-urlencoded; charset=utf-8',
  'user-agent' => 'CDY-AN90(Android/10) (uni.UNI80C7101/1.0.0) Weex/0.26.0 1080x2292',
)
[ info ] [ PARAM ] array (
  'account' => '17300173000',
  'password' => '123456',
)
[ info ] [ LANG ] /www/wwwroot/task/public/../application/api/lang/zh-cn.php
[ info ] [ BEHAVIOR ] Run app\common\behavior\Common @module_init [ RunTime:0.002327s ]
[ info ] [ LANG ] /www/wwwroot/task/public/../application/api/lang/zh-cn/user.php
[ info ] [ RUN ] app\api\controller\User->login[ /www/wwwroot/task/application/api/controller/User.php ]
[ info ] [ DB ] INIT mysql
[ info ] [ TOKEN ] INIT Mysql
[ info ] [ LOG ] INIT File
---------------------------------------------------------------
[ 2020-09-15T16:35:50+08:00 ] 121.204.54.197 POST task.zz0510.top/api/index/home
[运行时间：0.053636s] [吞吐率：18.64req/s] [内存消耗：4,562.38kb] [文件加载：139]
[ info ] [ BEHAVIOR ] Run Closure @app_init [ RunTime:0.000018s ]
[ info ] [ CACHE ] INIT File
[ info ] [ BEHAVIOR ] Run \addons\epay\Epay @app_init [ RunTime:0.001755s ]
[ info ] [ BEHAVIOR ] Run Closure @app_init [ RunTime:0.001769s ]
[ info ] [ LANG ] /www/wwwroot/task/thinkphp/lang/zh-cn.php
[ info ] [ BEHAVIOR ] Run app\common\behavior\Common @app_dispatch [ RunTime:0.000160s ]
[ info ] [ ROUTE ] array (
  'type' => 'module',
  'module' => 
  array (
    0 => 'api',
    1 => 'index',
    2 => 'home',
  ),
)
[ info ] [ HEADER ] array (
  'accept-encoding' => 'gzip',
  'connection' => 'Keep-Alive',
  'host' => 'task.zz0510.top',
  'content-length' => '0',
  'content-type' => 'application/x-www-form-urlencoded; charset=utf-8',
  'user-agent' => 'CDY-AN90(Android/10) (uni.UNI80C7101/1.0.0) Weex/0.26.0 1080x2292',
  'token' => '01076b3e-f819-4c25-b253-35cae0ac7230',
)
[ info ] [ PARAM ] array (
)
[ info ] [ LANG ] /www/wwwroot/task/public/../application/api/lang/zh-cn.php
[ info ] [ BEHAVIOR ] Run app\common\behavior\Common @module_init [ RunTime:0.001006s ]
[ info ] [ TOKEN ] INIT Mysql
[ info ] [ DB ] INIT mysql
[ info ] [ RUN ] app\api\controller\Index->home[ /www/wwwroot/task/application/api/controller/Index.php ]
[ info ] [ LOG ] INIT File
---------------------------------------------------------------
[ 2020-09-15T16:35:52+08:00 ] 121.204.54.197 POST task.zz0510.top/api/index/taskList
[运行时间：0.039447s] [吞吐率：25.35req/s] [内存消耗：4,514.27kb] [文件加载：136]
[ info ] [ BEHAVIOR ] Run Closure @app_init [ RunTime:0.000023s ]
[ info ] [ CACHE ] INIT File
[ info ] [ BEHAVIOR ] Run \addons\epay\Epay @app_init [ RunTime:0.001852s ]
[ info ] [ BEHAVIOR ] Run Closure @app_init [ RunTime:0.001865s ]
[ info ] [ LANG ] /www/wwwroot/task/thinkphp/lang/zh-cn.php
[ info ] [ BEHAVIOR ] Run app\common\behavior\Common @app_dispatch [ RunTime:0.000143s ]
[ info ] [ ROUTE ] array (
  'type' => 'module',
  'module' => 
  array (
    0 => 'api',
    1 => 'index',
    2 => 'taskList',
  ),
)
[ info ] [ HEADER ] array (
  'accept-encoding' => 'gzip',
  'connection' => 'Keep-Alive',
  'host' => 'task.zz0510.top',
  'content-length' => '17',
  'content-type' => 'application/x-www-form-urlencoded; charset=utf-8',
  'user-agent' => 'CDY-AN90(Android/10) (uni.UNI80C7101/1.0.0) Weex/0.26.0 1080x2292',
  'token' => '01076b3e-f819-4c25-b253-35cae0ac7230',
)
[ info ] [ PARAM ] array (
  'page' => '1',
  'tasktype' => '1',
)
[ info ] [ LANG ] /www/wwwroot/task/public/../application/api/lang/zh-cn.php
[ info ] [ BEHAVIOR ] Run app\common\behavior\Common @module_init [ RunTime:0.000991s ]
[ info ] [ TOKEN ] INIT Mysql
[ info ] [ DB ] INIT mysql
[ info ] [ RUN ] app\api\controller\Index->taskList[ /www/wwwroot/task/application/api/controller/Index.php ]
[ info ] [ LOG ] INIT File
---------------------------------------------------------------
[ 2020-09-15T16:35:53+08:00 ] 121.204.54.197 POST task.zz0510.top/api/index/postTask
[运行时间：0.040099s] [吞吐率：24.94req/s] [内存消耗：4,499.66kb] [文件加载：136]
[ info ] [ BEHAVIOR ] Run Closure @app_init [ RunTime:0.000019s ]
[ info ] [ CACHE ] INIT File
[ info ] [ BEHAVIOR ] Run \addons\epay\Epay @app_init [ RunTime:0.001703s ]
[ info ] [ BEHAVIOR ] Run Closure @app_init [ RunTime:0.001717s ]
[ info ] [ LANG ] /www/wwwroot/task/thinkphp/lang/zh-cn.php
[ info ] [ BEHAVIOR ] Run app\common\behavior\Common @app_dispatch [ RunTime:0.000162s ]
[ info ] [ ROUTE ] array (
  'type' => 'module',
  'module' => 
  array (
    0 => 'api',
    1 => 'index',
    2 => 'postTask',
  ),
)
[ info ] [ HEADER ] array (
  'accept-encoding' => 'gzip',
  'connection' => 'Keep-Alive',
  'host' => 'task.zz0510.top',
  'content-length' => '0',
  'content-type' => 'application/x-www-form-urlencoded; charset=utf-8',
  'user-agent' => 'CDY-AN90(Android/10) (uni.UNI80C7101/1.0.0) Weex/0.26.0 1080x2292',
  'token' => '01076b3e-f819-4c25-b253-35cae0ac7230',
)
[ info ] [ PARAM ] array (
)
[ info ] [ LANG ] /www/wwwroot/task/public/../application/api/lang/zh-cn.php
[ info ] [ BEHAVIOR ] Run app\common\behavior\Common @module_init [ RunTime:0.001044s ]
[ info ] [ TOKEN ] INIT Mysql
[ info ] [ DB ] INIT mysql
[ info ] [ RUN ] app\api\controller\Index->postTask[ /www/wwwroot/task/application/api/controller/Index.php ]
[ info ] [ LOG ] INIT File
---------------------------------------------------------------
[ 2020-09-15T16:35:54+08:00 ] 121.204.54.197 POST task.zz0510.top/api/index/index
[运行时间：0.039733s] [吞吐率：25.17req/s] [内存消耗：4,465.61kb] [文件加载：135]
[ info ] [ BEHAVIOR ] Run Closure @app_init [ RunTime:0.000018s ]
[ info ] [ CACHE ] INIT File
[ info ] [ BEHAVIOR ] Run \addons\epay\Epay @app_init [ RunTime:0.001786s ]
[ info ] [ BEHAVIOR ] Run Closure @app_init [ RunTime:0.001804s ]
[ info ] [ LANG ] /www/wwwroot/task/thinkphp/lang/zh-cn.php
[ info ] [ BEHAVIOR ] Run app\common\behavior\Common @app_dispatch [ RunTime:0.000181s ]
[ info ] [ ROUTE ] array (
  'type' => 'module',
  'module' => 
  array (
    0 => 'api',
    1 => 'index',
    2 => 'index',
  ),
)
[ info ] [ HEADER ] array (
  'accept-encoding' => 'gzip',
  'connection' => 'Keep-Alive',
  'host' => 'task.zz0510.top',
  'content-length' => '0',
  'content-type' => 'application/x-www-form-urlencoded; charset=utf-8',
  'user-agent' => 'CDY-AN90(Android/10) (uni.UNI80C7101/1.0.0) Weex/0.26.0 1080x2292',
  'token' => '01076b3e-f819-4c25-b253-35cae0ac7230',
)
[ info ] [ PARAM ] array (
)
[ info ] [ LANG ] /www/wwwroot/task/public/../application/api/lang/zh-cn.php
[ info ] [ BEHAVIOR ] Run app\common\behavior\Common @module_init [ RunTime:0.001060s ]
[ info ] [ TOKEN ] INIT Mysql
[ info ] [ DB ] INIT mysql
[ info ] [ RUN ] app\api\controller\Index->index[ /www/wwwroot/task/application/api/controller/Index.php ]
[ info ] [ LOG ] INIT File
---------------------------------------------------------------
[ 2020-09-15T16:35:55+08:00 ] 121.204.54.197 POST task.zz0510.top/api/index/home
[运行时间：0.047314s] [吞吐率：21.14req/s] [内存消耗：4,562.38kb] [文件加载：139]
[ info ] [ BEHAVIOR ] Run Closure @app_init [ RunTime:0.000019s ]
[ info ] [ CACHE ] INIT File
[ info ] [ BEHAVIOR ] Run \addons\epay\Epay @app_init [ RunTime:0.001812s ]
[ info ] [ BEHAVIOR ] Run Closure @app_init [ RunTime:0.001825s ]
[ info ] [ LANG ] /www/wwwroot/task/thinkphp/lang/zh-cn.php
[ info ] [ BEHAVIOR ] Run app\common\behavior\Common @app_dispatch [ RunTime:0.000175s ]
[ info ] [ ROUTE ] array (
  'type' => 'module',
  'module' => 
  array (
    0 => 'api',
    1 => 'index',
    2 => 'home',
  ),
)
[ info ] [ HEADER ] array (
  'accept-encoding' => 'gzip',
  'connection' => 'Keep-Alive',
  'host' => 'task.zz0510.top',
  'content-length' => '0',
  'content-type' => 'application/x-www-form-urlencoded; charset=utf-8',
  'user-agent' => 'CDY-AN90(Android/10) (uni.UNI80C7101/1.0.0) Weex/0.26.0 1080x2292',
  'token' => '01076b3e-f819-4c25-b253-35cae0ac7230',
)
[ info ] [ PARAM ] array (
)
[ info ] [ LANG ] /www/wwwroot/task/public/../application/api/lang/zh-cn.php
[ info ] [ BEHAVIOR ] Run app\common\behavior\Common @module_init [ RunTime:0.001005s ]
[ info ] [ TOKEN ] INIT Mysql
[ info ] [ DB ] INIT mysql
[ info ] [ RUN ] app\api\controller\Index->home[ /www/wwwroot/task/application/api/controller/Index.php ]
[ info ] [ LOG ] INIT File
